<?xml version="1.0" encoding="UTF-8"?>
<!-- Generated by org.testng.reporters.JUnitReportReporter -->
<testsuite hostname="LenovoLaptop" failures="0" tests="2" name="testngPackage.AnnotationClass" time="0.019" errors="0" timestamp="2024-02-29T17:09:22 IST" skipped="0">
  <testcase classname="testngPackage.AnnotationClass" name="test1" time="0.014"/>
  <testcase classname="testngPackage.AnnotationClass" name="test2" time="0.005"/>
</testsuite> <!-- testngPackage.AnnotationClass -->
