<?xml version="1.0" encoding="UTF-8"?>
<!-- Generated by org.testng.reporters.JUnitReportReporter -->
<testsuite hostname="LenovoLaptop" failures="0" tests="1" name="testngPackage.ChatGPTIntegrationTest" time="4.202" errors="0" timestamp="2024-04-04T18:27:19 IST" skipped="0">
  <testcase classname="testngPackage.ChatGPTIntegrationTest" name="testChatGPTIntegration" time="4.202"/>
</testsuite> <!-- testngPackage.ChatGPTIntegrationTest -->
