<?xml version="1.0" encoding="UTF-8"?>
<!-- Generated by org.testng.reporters.JUnitReportReporter -->
<testsuite hostname="LenovoLaptop" failures="0" tests="1" name="testngPackage.TestCode" time="25.922" errors="0" timestamp="2024-04-12T20:08:30 IST" skipped="0">
  <testcase classname="testngPackage.TestCode" name="login" time="25.922"/>
</testsuite> <!-- testngPackage.TestCode -->
