<?xml version="1.0" encoding="UTF-8"?>
<!-- Generated by org.testng.reporters.JUnitReportReporter -->
<testsuite hostname="LenovoLaptop" failures="0" tests="1" name="testngPackage.NewTest" time="4.623" errors="0" timestamp="2024-02-29T11:55:22 IST" skipped="0">
  <testcase classname="testngPackage.NewTest" name="searchValue" time="4.623"/>
</testsuite> <!-- testngPackage.NewTest -->
