<?xml version="1.0" encoding="UTF-8"?>
<!-- Generated by org.testng.reporters.JUnitReportReporter -->
<testsuite hostname="LenovoLaptop" failures="0" tests="1" name="testngPackage.ExtentReportsClass" time="1.333" errors="0" timestamp="2024-03-02T04:11:10 IST" skipped="0">
  <testcase classname="testngPackage.ExtentReportsClass" name="logintest" time="1.333"/>
</testsuite> <!-- testngPackage.ExtentReportsClass -->
