<?xml version="1.0" encoding="UTF-8"?>
<!-- Generated by org.testng.reporters.JUnitReportReporter -->
<testsuite hostname="LenovoLaptop" failures="0" tests="3" name="testngPackage.TestCasePhases" time="0.018" errors="0" timestamp="2024-03-05T12:02:07 IST" skipped="2">
  <testcase classname="testngPackage.TestCasePhases" name="test2" time="0.014"/>
  <testcase classname="testngPackage.TestCasePhases" name="test3" time="0.004">
    <skipped/>
  </testcase> <!-- test3 -->
  <testcase classname="testngPackage.TestCasePhases" name="test1">
    <skipped/>
  </testcase> <!-- test1 -->
</testsuite> <!-- testngPackage.TestCasePhases -->
