<?xml version="1.0" encoding="UTF-8"?>
<!-- Generated by org.testng.reporters.JUnitReportReporter -->
<testsuite hostname="LenovoLaptop" failures="0" tests="2" name="testngPackage.LoginPriority" time="13.442" errors="0" timestamp="2024-02-29T17:13:26 IST" skipped="0">
  <testcase classname="testngPackage.LoginPriority" name="verify" time="7.046"/>
  <testcase classname="testngPackage.LoginPriority" name="logoutProcess" time="6.396"/>
</testsuite> <!-- testngPackage.LoginPriority -->
