<?xml version="1.0" encoding="UTF-8"?>
<!-- Generated by org.testng.reporters.JUnitReportReporter -->
<testsuite hostname="LenovoLaptop" failures="0" tests="3" name="testngPackage.PriorityTest" time="13.395" errors="0" timestamp="2024-02-29T12:23:51 IST" skipped="0">
  <testcase classname="testngPackage.PriorityTest" name="openingtwitterSite" time="6.157"/>
  <testcase classname="testngPackage.PriorityTest" name="openingAmazonSite" time="3.474"/>
  <testcase classname="testngPackage.PriorityTest" name="openingGoogleSite" time="3.764"/>
</testsuite> <!-- testngPackage.PriorityTest -->
