<?xml version="1.0" encoding="UTF-8"?>
<!-- Generated by org.testng.reporters.JUnitReportReporter -->
<testsuite hostname="LenovoLaptop" failures="0" tests="1" name="testngPackage.ExtentReportClass" time="0.752" errors="0" timestamp="2024-03-02T01:08:35 IST" skipped="0">
  <testcase classname="testngPackage.ExtentReportClass" name="loginTest" time="0.752"/>
</testsuite> <!-- testngPackage.ExtentReportClass -->
