<?xml version="1.0" encoding="UTF-8"?>
<!-- Generated by org.testng.reporters.JUnitReportReporter -->
<testsuite hostname="LenovoLaptop" failures="0" tests="2" name="testngPackage.AssertionClass" time="5.263" errors="0" timestamp="2024-03-01T15:37:22 IST" skipped="0">
  <testcase classname="testngPackage.AssertionClass" name="checkdash" time="0.058"/>
  <testcase classname="testngPackage.AssertionClass" name="verify" time="5.205"/>
</testsuite> <!-- testngPackage.AssertionClass -->
