<?xml version="1.0" encoding="UTF-8"?>
<!-- Generated by org.testng.reporters.JUnitReportReporter -->
<testsuite hostname="LenovoLaptop" failures="0" tests="3" name="testngPackage.DataProviderClass" time="49.287" errors="0" timestamp="2024-02-29T18:02:52 IST" skipped="0">
  <testcase classname="testngPackage.DataProviderClass" name="verify" time="21.475"/>
  <testcase classname="testngPackage.DataProviderClass" name="verify" time="21.281"/>
  <testcase classname="testngPackage.DataProviderClass" name="logoutProcess" time="6.531"/>
</testsuite> <!-- testngPackage.DataProviderClass -->
