<?xml version="1.0" encoding="UTF-8"?>
<!-- Generated by org.testng.reporters.JUnitReportReporter -->
<testsuite hostname="LenovoLaptop" failures="0" tests="1" name="testngPackage.GroupTest" time="0.013" errors="0" timestamp="2024-04-12T14:47:05 IST" skipped="0">
  <testcase classname="testngPackage.GroupTest" name="explorePage" time="0.013"/>
</testsuite> <!-- testngPackage.GroupTest -->
