<?xml version="1.0" encoding="UTF-8"?>
<!-- Generated by org.testng.reporters.JUnitReportReporter -->
<testsuite hostname="LenovoLaptop" failures="0" tests="2" name="testngPackage.GroupLoginTest" time="8.914" errors="0" timestamp="2024-03-01T15:53:11 IST" skipped="0">
  <testcase classname="testngPackage.GroupLoginTest" name="verify" time="5.190"/>
  <testcase classname="testngPackage.GroupLoginTest" name="searchCourse" time="3.724"/>
</testsuite> <!-- testngPackage.GroupLoginTest -->
